<?xml version="1.0" encoding="UTF-8"?>
<testsuite xmlns:xsi="http://www.w3.org/2001/XMLSchema-instance" xsi:noNamespaceSchemaLocation="https://maven.apache.org/surefire/maven-surefire-plugin/xsd/surefire-test-report-3.0.xsd" version="3.0" name="com.excelconfig.MergeCellTest" time="0.032" tests="5" errors="1" skipped="0" failures="1">
  <properties>
[...]
</properties>
  <testcase name="testMerge_WithRowSpan" classname="com.excelconfig.MergeCellTest" time="0.006">
    <error message="填充失败：填充失败 [groups]: 未找到表头 &apos;分组&apos; (搜索范围：行 1-6)" type="com.excelconfig.export.FillException"><![CDATA[com.excelconfig.export.FillException: 填充失败：填充失败 [groups]: 未找到表头 '分组' (搜索范围：行 1-6)
	at com.excelconfig.export.FillEngine.fill(FillEngine.java:85)
	at com.excelconfig.ExcelConfigService.fill(ExcelConfigService.java:62)
	at com.excelconfig.MergeCellTest.testMerge_WithRowSpan(MergeCellTest.java:152)
	at java.base/java.lang.reflect.Method.invoke(Method.java:580)
	at java.base/java.util.ArrayList.forEach(ArrayList.java:1596)
	at java.base/java.util.ArrayList.forEach(ArrayList.java:1596)
Caused by: com.excelconfig.export.FillException: 填充失败 [groups]: 未找到表头 '分组' (搜索范围：行 1-6)
	at com.excelconfig.export.FillEngine.fill(FillEngine.java:116)
	at com.excelconfig.export.FillEngine.fill(FillEngine.java:76)
	... 5 more
Caused by: com.excelconfig.locator.HeaderNotFoundException: 未找到表头 '分组' (搜索范围：行 1-6)
	at com.excelconfig.locator.HeaderLocator.locate(HeaderLocator.java:59)
	at com.excelconfig.export.FillEngine.locateHeader(FillEngine.java:128)
	at com.excelconfig.export.FillEngine.fill(FillEngine.java:95)
	... 6 more
]]></error>
  </testcase>
  <testcase name="testMerge_SingleCell" classname="com.excelconfig.MergeCellTest" time="0.006">
    <failure message="起始列应该是 0 ==&gt; expected: &lt;0&gt; but was: &lt;2&gt;" type="org.opentest4j.AssertionFailedError"><![CDATA[org.opentest4j.AssertionFailedError: 起始列应该是 0 ==> expected: <0> but was: <2>
	at org.junit.jupiter.api.AssertionFailureBuilder.build(AssertionFailureBuilder.java:151)
	at org.junit.jupiter.api.AssertionFailureBuilder.buildAndThrow(AssertionFailureBuilder.java:132)
	at org.junit.jupiter.api.AssertEquals.failNotEqual(AssertEquals.java:197)
	at org.junit.jupiter.api.AssertEquals.assertEquals(AssertEquals.java:150)
	at org.junit.jupiter.api.Assertions.assertEquals(Assertions.java:563)
	at com.excelconfig.MergeCellTest.testMerge_SingleCell(MergeCellTest.java:60)
	at java.base/java.lang.reflect.Method.invoke(Method.java:580)
	at java.base/java.util.ArrayList.forEach(ArrayList.java:1596)
	at java.base/java.util.ArrayList.forEach(ArrayList.java:1596)
]]></failure>
  </testcase>
  <testcase name="testMerge_NoMergeConfig" classname="com.excelconfig.MergeCellTest" time="0.006">
    <system-out><![CDATA[✓ 无合并配置测试通过
]]></system-out>
  </testcase>
  <testcase name="testMerge_WithOffset" classname="com.excelconfig.MergeCellTest" time="0.005">
    <system-out><![CDATA[✓ 带偏移量合并测试通过
]]></system-out>
  </testcase>
  <testcase name="testMerge_MultipleRows" classname="com.excelconfig.MergeCellTest" time="0.007">
    <system-out><![CDATA[✓ 多行合并测试通过
]]></system-out>
  </testcase>
</testsuite>