<?xml version="1.0" encoding="UTF-8"?>
<testsuite xmlns:xsi="http://www.w3.org/2001/XMLSchema-instance" xsi:noNamespaceSchemaLocation="https://maven.apache.org/surefire/maven-surefire-plugin/xsd/surefire-test-report-3.0.xsd" version="3.0" name="com.excelconfig.SmartMergeTest" time="0.118" tests="8" errors="0" skipped="0" failures="0">
  <properties>
[...]
</properties>
  <testcase name="testSmartMerge_MultiColumn" classname="com.excelconfig.SmartMergeTest" time="0.02">
    <system-out><![CDATA[✓ 多列智能合并测试通过
]]></system-out>
  </testcase>
  <testcase name="testFixedMerge_RowSpan" classname="com.excelconfig.SmartMergeTest" time="0.016">
    <system-out><![CDATA[✓ 固定区域合并测试通过
]]></system-out>
  </testcase>
  <testcase name="testSmartMerge_MixedWithNormalColumn" classname="com.excelconfig.SmartMergeTest" time="0.014">
    <system-out><![CDATA[✓ 混合模式测试通过
]]></system-out>
  </testcase>
  <testcase name="testSmartMerge_WithMinSpan" classname="com.excelconfig.SmartMergeTest" time="0.014">
    <system-out><![CDATA[✓ 最小合并数测试通过
]]></system-out>
  </testcase>
  <testcase name="testSmartMerge_BasicSameValues" classname="com.excelconfig.SmartMergeTest" time="0.016">
    <system-out><![CDATA[✓ 智能合并基础测试通过
]]></system-out>
  </testcase>
  <testcase name="testSmartMerge_MultipleGroups" classname="com.excelconfig.SmartMergeTest" time="0.013">
    <system-out><![CDATA[✓ 多组合并测试通过
]]></system-out>
  </testcase>
  <testcase name="testSmartMerge_NumericValues" classname="com.excelconfig.SmartMergeTest" time="0.012">
    <system-out><![CDATA[R1C3 type: NUMERIC, value: 100.0
R4C3 type: NUMERIC, value: 80.0
R6C3 type: NUMERIC, value: 90.0
✓ 数值类型合并测试通过
]]></system-out>
  </testcase>
  <testcase name="testSmartMerge_NoMergeForSingleValue" classname="com.excelconfig.SmartMergeTest" time="0.011">
    <system-out><![CDATA[✓ 单个值不合并测试通过
]]></system-out>
  </testcase>
</testsuite>